0 info it worked if it ends with ok
1 verbose cli [ 'node',
1 verbose cli   '/usr/local/bin/npm',
1 verbose cli   'install',
1 verbose cli   'history',
1 verbose cli   'react-router@tatest' ]
2 info using npm@1.4.28
3 info using node@v0.10.35
4 warn package.json @ No repository field.
5 verbose readDependencies using package.json deps
6 verbose cache add [ 'history', null ]
7 verbose cache add name=undefined spec="history" args=["history",null]
8 verbose parsed url { protocol: null,
8 verbose parsed url   slashes: null,
8 verbose parsed url   auth: null,
8 verbose parsed url   host: null,
8 verbose parsed url   port: null,
8 verbose parsed url   hostname: null,
8 verbose parsed url   hash: null,
8 verbose parsed url   search: null,
8 verbose parsed url   query: null,
8 verbose parsed url   pathname: 'history',
8 verbose parsed url   path: 'history',
8 verbose parsed url   href: 'history' }
9 verbose cache add [ 'react-router@tatest', null ]
10 verbose cache add name=undefined spec="react-router@tatest" args=["react-router@tatest",null]
11 verbose parsed url { protocol: null,
11 verbose parsed url   slashes: null,
11 verbose parsed url   auth: null,
11 verbose parsed url   host: null,
11 verbose parsed url   port: null,
11 verbose parsed url   hostname: null,
11 verbose parsed url   hash: null,
11 verbose parsed url   search: null,
11 verbose parsed url   query: null,
11 verbose parsed url   pathname: 'react-router@tatest',
11 verbose parsed url   path: 'react-router@tatest',
11 verbose parsed url   href: 'react-router@tatest' }
12 verbose cache add name="react-router" spec="tatest" args=["react-router","tatest"]
13 verbose parsed url { protocol: null,
13 verbose parsed url   slashes: null,
13 verbose parsed url   auth: null,
13 verbose parsed url   host: null,
13 verbose parsed url   port: null,
13 verbose parsed url   hostname: null,
13 verbose parsed url   hash: null,
13 verbose parsed url   search: null,
13 verbose parsed url   query: null,
13 verbose parsed url   pathname: 'tatest',
13 verbose parsed url   path: 'tatest',
13 verbose parsed url   href: 'tatest' }
14 verbose addNamed [ 'react-router', 'tatest' ]
15 verbose addNamed [ null, null ]
16 silly lockFile 66f79d8a-history history
17 verbose lock history /Users/viktorjansson/.npm/66f79d8a-history.lock
18 silly lockFile c5c39937-react-router-tatest react-router@tatest
19 verbose lock react-router@tatest /Users/viktorjansson/.npm/c5c39937-react-router-tatest.lock
20 info addNameTag [ 'react-router', 'tatest' ]
21 silly lockFile 66f79d8a-history history
22 silly lockFile 66f79d8a-history history
23 verbose addNamed [ 'history', '' ]
24 verbose addNamed [ null, '*' ]
25 silly lockFile 2c60d3c0-history history@
26 verbose lock history@ /Users/viktorjansson/.npm/2c60d3c0-history.lock
27 silly addNameRange { name: 'history', range: '*', hasData: false }
28 verbose request where is /react-router
29 verbose request registry https://registry.npmjs.org/
30 verbose request id 9ba3ee6d85a3b353
31 verbose url raw /react-router
32 verbose url resolving [ 'https://registry.npmjs.org/', './react-router' ]
33 verbose url resolved https://registry.npmjs.org/react-router
34 verbose request where is https://registry.npmjs.org/react-router
35 info trying registry request attempt 1 at 17:59:33
36 verbose etag "58GDR52Q1JDSUR9LK322WZOXJ"
37 http GET https://registry.npmjs.org/react-router
38 verbose request where is /history
39 verbose request registry https://registry.npmjs.org/
40 verbose url raw /history
41 verbose url resolving [ 'https://registry.npmjs.org/', './history' ]
42 verbose url resolved https://registry.npmjs.org/history
43 verbose request where is https://registry.npmjs.org/history
44 info trying registry request attempt 1 at 17:59:33
45 verbose etag "8URIMBHDJHK7PFA5RFBN8KXDD"
46 http GET https://registry.npmjs.org/history
47 http 200 https://registry.npmjs.org/history
48 silly registry.get cb [ 200,
48 silly registry.get   { server: 'CouchDB/1.5.0 (Erlang OTP/R16B03)',
48 silly registry.get     etag: '"ARW5UA6O6KX885BGU7FXY09ZX"',
48 silly registry.get     'content-type': 'application/json',
48 silly registry.get     'cache-control': 'max-age=60',
48 silly registry.get     'content-length': '75259',
48 silly registry.get     'accept-ranges': 'bytes',
48 silly registry.get     date: 'Thu, 19 Nov 2015 16:59:34 GMT',
48 silly registry.get     via: '1.1 varnish',
48 silly registry.get     age: '0',
48 silly registry.get     connection: 'keep-alive',
48 silly registry.get     'x-served-by': 'cache-ams4137-AMS',
48 silly registry.get     'x-cache': 'HIT',
48 silly registry.get     'x-cache-hits': '1',
48 silly registry.get     'x-timer': 'S1447952374.048588,VS0,VE187',
48 silly registry.get     vary: 'Accept' } ]
49 silly addNameRange number 2 { name: 'history', range: '*', hasData: true }
50 silly addNameRange versions [ 'history',
50 silly addNameRange   [ '0.1.0',
50 silly addNameRange     '1.0.0',
50 silly addNameRange     '1.1.0',
50 silly addNameRange     '1.2.0',
50 silly addNameRange     '1.2.1',
50 silly addNameRange     '1.2.2',
50 silly addNameRange     '1.3.0',
50 silly addNameRange     '1.3.1',
50 silly addNameRange     '1.3.2',
50 silly addNameRange     '1.3.3',
50 silly addNameRange     '1.4.0',
50 silly addNameRange     '1.4.1',
50 silly addNameRange     '1.5.0',
50 silly addNameRange     '1.6.0',
50 silly addNameRange     '1.7.0',
50 silly addNameRange     '1.8.0',
50 silly addNameRange     '1.8.1',
50 silly addNameRange     '1.8.2',
50 silly addNameRange     '1.8.3',
50 silly addNameRange     '1.8.4',
50 silly addNameRange     '1.8.5',
50 silly addNameRange     '1.9.0',
50 silly addNameRange     '1.9.1',
50 silly addNameRange     '1.10.0',
50 silly addNameRange     '1.10.1',
50 silly addNameRange     '1.10.2',
50 silly addNameRange     '1.11.0',
50 silly addNameRange     '1.11.1',
50 silly addNameRange     '1.12.0',
50 silly addNameRange     '1.12.1',
50 silly addNameRange     '1.12.2',
50 silly addNameRange     '1.12.3',
50 silly addNameRange     '1.12.4',
50 silly addNameRange     '1.12.5',
50 silly addNameRange     '1.12.6',
50 silly addNameRange     '1.13.0',
50 silly addNameRange     '1.13.1' ] ]
51 verbose addNamed [ 'history', '1.13.1' ]
52 verbose addNamed [ '1.13.1', '1.13.1' ]
53 silly lockFile cc58891e-history-1-13-1 history@1.13.1
54 verbose lock history@1.13.1 /Users/viktorjansson/.npm/cc58891e-history-1-13-1.lock
55 silly lockFile aabf0f08-s-org-history-history-1-13-1-tgz https://registry.npmjs.org/history/-/history-1.13.1.tgz
56 verbose lock https://registry.npmjs.org/history/-/history-1.13.1.tgz /Users/viktorjansson/.npm/aabf0f08-s-org-history-history-1-13-1-tgz.lock
57 verbose addRemoteTarball [ 'https://registry.npmjs.org/history/-/history-1.13.1.tgz',
57 verbose addRemoteTarball   '1d0664e667f031d5757ef73e81ef847beb3aedcd' ]
58 info retry fetch attempt 1 at 17:59:34
59 verbose fetch to= /var/folders/1s/jgchlxbj5q3g_9s4qb48_j540000gn/T/npm-2025-m2TicC4N/registry.npmjs.org/history/-/history-1.13.1.tgz
60 http GET https://registry.npmjs.org/history/-/history-1.13.1.tgz
61 http 200 https://registry.npmjs.org/react-router
62 silly registry.get cb [ 200,
62 silly registry.get   { server: 'CouchDB/1.5.0 (Erlang OTP/R16B03)',
62 silly registry.get     etag: '"595JQALLPE4MP0VH4JF0OCCXP"',
62 silly registry.get     'content-type': 'application/json',
62 silly registry.get     'cache-control': 'max-age=60',
62 silly registry.get     'content-length': '93118',
62 silly registry.get     'accept-ranges': 'bytes',
62 silly registry.get     date: 'Thu, 19 Nov 2015 16:59:34 GMT',
62 silly registry.get     via: '1.1 varnish',
62 silly registry.get     age: '0',
62 silly registry.get     connection: 'keep-alive',
62 silly registry.get     'x-served-by': 'cache-ams4120-AMS',
62 silly registry.get     'x-cache': 'HIT',
62 silly registry.get     'x-cache-hits': '1',
62 silly registry.get     'x-timer': 'S1447952374.054369,VS0,VE375',
62 silly registry.get     vary: 'Accept' } ]
63 silly lockFile c5c39937-react-router-tatest react-router@tatest
64 silly lockFile c5c39937-react-router-tatest react-router@tatest
65 http 200 https://registry.npmjs.org/history/-/history-1.13.1.tgz
66 silly lockFile aabf0f08-s-org-history-history-1-13-1-tgz https://registry.npmjs.org/history/-/history-1.13.1.tgz
67 silly lockFile aabf0f08-s-org-history-history-1-13-1-tgz https://registry.npmjs.org/history/-/history-1.13.1.tgz
68 silly lockFile cc58891e-history-1-13-1 history@1.13.1
69 silly lockFile cc58891e-history-1-13-1 history@1.13.1
70 silly lockFile 2c60d3c0-history history@
71 silly lockFile 2c60d3c0-history history@
72 error notarget No compatible version found: react-router@'tatest'
72 error notarget Valid install targets:
72 error notarget ["0.0.0","0.0.1","0.4.0","0.4.1","0.4.2","0.5.0","0.5.1","0.5.2","0.5.3","0.6.0","0.6.1","0.7.0","0.8.0","0.9.0","0.9.1","0.9.2","0.9.3","0.9.4","0.9.5","0.10.0","0.10.1","0.10.2","0.11.0","0.11.1","0.11.2","0.11.3","0.11.4","0.11.5","0.11.6","0.12.0","0.12.1","0.12.2","0.12.3","0.12.4","0.13.0","0.13.1","0.13.2","0.13.3","1.0.0-alpha1","1.0.0-alpha2","1.0.0-beta1","1.0.0-beta2","1.0.0-beta3","1.0.0-beta4","1.0.0-rc1","0.13.4","1.0.0-rc2","1.0.0-rc3","0.13.5","1.0.0-rc4","1.0.0"]
72 error notarget
72 error notarget This is most likely not a problem with npm itself.
72 error notarget In most cases you or one of your dependencies are requesting
72 error notarget a package version that doesn't exist.
73 error System Darwin 15.0.0
74 error command "node" "/usr/local/bin/npm" "install" "history" "react-router@tatest"
75 error cwd /Users/viktorjansson/Documents/skola/ria/ria-project
76 error node -v v0.10.35
77 error npm -v 1.4.28
78 error code ETARGET
79 verbose exit [ 1, true ]
